{"created":1770976145000,"details":{"projectName":"iprada - New project"},"event":"AfterProjectCreatedEvent","id":799954,"user":"iprada"}
{"created":1770976145000,"details":{"iprada":{"granted":["CURATOR","USER","ADMIN"],"revoked":[]}},"event":"ProjectPermissionsChangedEvent","id":799955,"user":"iprada"}
{"annotator":"iprada","created":1770976145000,"details":{"recommenderId":80,"layer":"custom.Span","feature":"label","tool":"de.tudarmstadt.ukp.inception.recommendation.imls.stringmatch.StringMatchingRecommender","threshold":0.0,"duration":0,"active":true,"accuracy":0.0,"f1":0.0,"precision":0.0,"recall":0.0,"trainSetSize":0,"testSetSize":0},"event":"RecommenderEvaluationResultEvent","id":799956,"user":"iprada"}
{"created":1770978020000,"event":"LayerConfigurationChangedEvent","id":799991,"user":"iprada"}
{"created":1770978063000,"event":"LayerConfigurationChangedEvent","id":799992,"user":"iprada"}
{"created":1770978091000,"event":"LayerConfigurationChangedEvent","id":799993,"user":"iprada"}
{"created":1770978096000,"event":"LayerConfigurationChangedEvent","id":799994,"user":"iprada"}
{"created":1770978152000,"event":"LayerConfigurationChangedEvent","id":799995,"user":"iprada"}
{"created":1770978365000,"event":"LayerConfigurationChangedEvent","id":799996,"user":"iprada"}
{"created":1770979109000,"details":{"tag":"ref","tagSet":"Element labels"},"event":"TagCreatedEvent","id":799997,"user":"iprada"}
{"created":1770979126000,"details":{"tag":"appo","tagSet":"Element labels"},"event":"TagCreatedEvent","id":799998,"user":"iprada"}
{"created":1770979129000,"details":{"tag":"attr","tagSet":"Element labels"},"event":"TagUpdatedEvent","id":799999,"user":"iprada"}
{"created":1770979133000,"details":{"tag":"appo","tagSet":"Element labels"},"event":"TagUpdatedEvent","id":800000,"user":"iprada"}
{"created":1770979139000,"details":{"tag":"attr","tagSet":"Element labels"},"event":"TagCreatedEvent","id":800001,"user":"iprada"}
{"created":1770979142000,"details":{"tag":"head","tagSet":"Element labels"},"event":"TagCreatedEvent","id":800002,"user":"iprada"}
{"created":1770979147000,"details":{"tag":"list","tagSet":"Element labels"},"event":"TagCreatedEvent","id":800003,"user":"iprada"}
{"created":1770979150000,"details":{"tag":"num","tagSet":"Element labels"},"event":"TagCreatedEvent","id":800004,"user":"iprada"}
{"created":1770979154000,"details":{"tag":"val","tagSet":"Element labels"},"event":"TagCreatedEvent","id":800005,"user":"iprada"}
{"created":1770979157000,"details":{"tag":"oth","tagSet":"Element labels"},"event":"TagCreatedEvent","id":800006,"user":"iprada"}
{"created":1770979160000,"details":{"tag":"unc","tagSet":"Element labels"},"event":"TagCreatedEvent","id":800007,"user":"iprada"}
{"created":1770979162000,"details":{"tag":"unk","tagSet":"Element labels"},"event":"TagCreatedEvent","id":800008,"user":"iprada"}
{"created":1770979165000,"details":{"tag":"trigger","tagSet":"Element labels"},"event":"TagCreatedEvent","id":800009,"user":"iprada"}
{"created":1770979168000,"details":{"tag":"mod","tagSet":"Element labels"},"event":"TagCreatedEvent","id":800010,"user":"iprada"}
{"created":1770979172000,"details":{"tag":"interaction","tagSet":"Element labels"},"event":"TagCreatedEvent","id":800011,"user":"iprada"}
{"created":1770979267000,"event":"LayerConfigurationChangedEvent","id":800012,"user":"iprada"}
{"created":1770979271000,"event":"LayerConfigurationChangedEvent","id":800013,"user":"iprada"}
{"created":1770979274000,"event":"LayerConfigurationChangedEvent","id":800014,"user":"iprada"}
{"created":1770980493000,"details":{"documentName":"admin_001_HGB_1_002_096_007.tei","format":"dkpro-core-tei","state":"NEW"},"document_name":"admin_001_HGB_1_002_096_007.tei","event":"AfterDocumentCreatedEvent","id":800015,"user":"iprada"}
{"created":1770980496000,"details":{"state":"NEW"},"event":"ProjectStateChangedEvent","id":800016,"user":"<SYSTEM>"}
{"annotator":"iprada","created":1770980497000,"details":{"state":"INPROGRESS","previousState":"NEW","annotatorState":"INPROGRESS"},"document_name":"admin_001_HGB_1_002_096_007.tei","event":"AnnotationStateChangeEvent","id":800017,"user":"iprada"}
{"created":1770980497000,"details":{"state":"ANNOTATION_INPROGRESS","previousState":"NEW"},"document_name":"admin_001_HGB_1_002_096_007.tei","event":"DocumentStateChangedEvent","id":800018,"user":"iprada"}
{"annotator":"iprada","created":1770980497000,"document_name":"admin_001_HGB_1_002_096_007.tei","event":"DocumentOpenedEvent","id":800019,"user":"iprada"}
{"created":1770980501000,"details":{"state":"ANNOTATION_INPROGRESS","previousState":"NEW"},"event":"ProjectStateChangedEvent","id":800020,"user":"<SYSTEM>"}
{"annotator":"iprada","created":1770980512000,"document_name":"admin_001_HGB_1_002_096_007.tei","event":"DocumentOpenedEvent","id":800021,"user":"iprada"}
{"annotator":"iprada","created":1770980587000,"document_name":"admin_001_HGB_1_002_096_007.tei","event":"DocumentOpenedEvent","id":800022,"user":"iprada"}
{"annotator":"iprada","created":1770980618000,"details":{"addr":1144,"begin":12,"end":71,"type":"custom.Span","text":"Hans von Pltingen\nmit willen Frantzen Eltingers\nzins vatter"},"document_name":"admin_001_HGB_1_002_096_007.tei","event":"SpanCreatedEvent","id":800023,"user":"iprada"}
{"annotator":"iprada","created":1770980758000,"details":{"feature":"Element","value":"ref","annotation":{"addr":1144,"begin":12,"end":71,"type":"custom.Span","text":"Hans von Pltingen\nmit willen Frantzen Eltingers\nzins vatter"}},"document_name":"admin_001_HGB_1_002_096_007.tei","event":"FeatureValueUpdatedEvent","id":800024,"user":"iprada"}
{"created":1770980783000,"details":{"tag":"per","tagSet":"Category labels"},"event":"TagCreatedEvent","id":800025,"user":"iprada"}
{"annotator":"iprada","created":1770980783000,"details":{"feature":"Category","value":"per","annotation":{"addr":1144,"begin":12,"end":71,"type":"custom.Span","text":"Hans von Pltingen\nmit willen Frantzen Eltingers\nzins vatter"}},"document_name":"admin_001_HGB_1_002_096_007.tei","event":"FeatureValueUpdatedEvent","id":800026,"user":"iprada"}
{"annotator":"iprada","created":1770980966000,"details":{"addr":1144,"begin":12,"end":71,"type":"custom.Span","text":"Hans von Pltingen\nmit willen Frantzen Eltingers\nzins vatter"},"document_name":"admin_001_HGB_1_002_096_007.tei","event":"SpanDeletedEvent","id":800027,"user":"iprada"}
{"annotator":"iprada","created":1770985113000,"document_name":"admin_001_HGB_1_002_096_007.tei","event":"DocumentOpenedEvent","id":800092,"user":"iprada"}
{"annotator":"iprada","created":1770986215000,"details":{"addr":1144,"begin":79,"end":112,"type":"custom.Span","text":"Angnes desselben Frantzen\nEwirtin"},"document_name":"admin_001_HGB_1_002_096_007.tei","event":"SpanCreatedEvent","id":800093,"user":"iprada"}
{"annotator":"iprada","created":1770986218000,"details":{"feature":"Element","value":"ref","annotation":{"addr":1144,"begin":79,"end":112,"type":"custom.Span","text":"Angnes desselben Frantzen\nEwirtin"}},"document_name":"admin_001_HGB_1_002_096_007.tei","event":"FeatureValueUpdatedEvent","id":800094,"user":"iprada"}
{"annotator":"iprada","created":1770986220000,"details":{"feature":"Category","value":"per","annotation":{"addr":1144,"begin":79,"end":112,"type":"custom.Span","text":"Angnes desselben Frantzen\nEwirtin"}},"document_name":"admin_001_HGB_1_002_096_007.tei","event":"FeatureValueUpdatedEvent","id":800095,"user":"iprada"}
{"annotator":"iprada","created":1770986222000,"details":{"addr":1151,"begin":79,"end":85,"type":"custom.Span","text":"Angnes"},"document_name":"admin_001_HGB_1_002_096_007.tei","event":"SpanCreatedEvent","id":800096,"user":"iprada"}
{"annotator":"iprada","created":1770986222000,"details":{"feature":"Element","value":"ref","annotation":{"addr":1151,"begin":79,"end":85,"type":"custom.Span","text":"Angnes"}},"document_name":"admin_001_HGB_1_002_096_007.tei","event":"FeatureValueUpdatedEvent","id":800097,"user":"iprada"}
{"annotator":"iprada","created":1770986224000,"details":{"feature":"Element","previousValue":"ref","annotation":{"addr":1151,"begin":79,"end":85,"type":"custom.Span","text":"Angnes"}},"document_name":"admin_001_HGB_1_002_096_007.tei","event":"FeatureValueUpdatedEvent","id":800098,"user":"iprada"}
{"annotator":"iprada","created":1770986231000,"details":{"feature":"Element","value":"head","annotation":{"addr":1151,"begin":79,"end":85,"type":"custom.Span","text":"Angnes"}},"document_name":"admin_001_HGB_1_002_096_007.tei","event":"FeatureValueUpdatedEvent","id":800099,"user":"iprada"}
{"created":1770986234000,"details":{"tag":"nam","tagSet":"Category labels"},"event":"TagCreatedEvent","id":800100,"user":"iprada"}
{"annotator":"iprada","created":1770986234000,"details":{"feature":"Category","value":"nam","annotation":{"addr":1151,"begin":79,"end":85,"type":"custom.Span","text":"Angnes"}},"document_name":"admin_001_HGB_1_002_096_007.tei","event":"FeatureValueUpdatedEvent","id":800101,"user":"iprada"}
{"annotator":"iprada","created":1770986239000,"details":{"addr":1158,"begin":86,"end":112,"type":"custom.Span","text":"desselben Frantzen\nEwirtin"},"document_name":"admin_001_HGB_1_002_096_007.tei","event":"SpanCreatedEvent","id":800102,"user":"iprada"}
{"annotator":"iprada","created":1770986239000,"details":{"feature":"Element","value":"head","annotation":{"addr":1158,"begin":86,"end":112,"type":"custom.Span","text":"desselben Frantzen\nEwirtin"}},"document_name":"admin_001_HGB_1_002_096_007.tei","event":"FeatureValueUpdatedEvent","id":800103,"user":"iprada"}
{"annotator":"iprada","created":1770986241000,"details":{"feature":"Element","previousValue":"head","annotation":{"addr":1158,"begin":86,"end":112,"type":"custom.Span","text":"desselben Frantzen\nEwirtin"}},"document_name":"admin_001_HGB_1_002_096_007.tei","event":"FeatureValueUpdatedEvent","id":800104,"user":"iprada"}
{"annotator":"iprada","created":1770986245000,"details":{"feature":"Element","value":"ref","annotation":{"addr":1158,"begin":86,"end":112,"type":"custom.Span","text":"desselben Frantzen\nEwirtin"}},"document_name":"admin_001_HGB_1_002_096_007.tei","event":"FeatureValueUpdatedEvent","id":800105,"user":"iprada"}
{"annotator":"iprada","created":1770986254000,"details":{"feature":"Element","value":"appo","previousValue":"ref","annotation":{"addr":1158,"begin":86,"end":112,"type":"custom.Span","text":"desselben Frantzen\nEwirtin"}},"document_name":"admin_001_HGB_1_002_096_007.tei","event":"FeatureValueUpdatedEvent","id":800106,"user":"iprada"}
{"created":1770986257000,"details":{"tag":"fam","tagSet":"Category labels"},"event":"TagCreatedEvent","id":800107,"user":"iprada"}
{"annotator":"iprada","created":1770986257000,"details":{"feature":"Category","value":"fam","annotation":{"addr":1158,"begin":86,"end":112,"type":"custom.Span","text":"desselben Frantzen\nEwirtin"}},"document_name":"admin_001_HGB_1_002_096_007.tei","event":"FeatureValueUpdatedEvent","id":800108,"user":"iprada"}
{"created":1770986260000,"details":{"tag":"fam_wife","tagSet":"Category labels"},"event":"TagCreatedEvent","id":800109,"user":"iprada"}
{"annotator":"iprada","created":1770986260000,"details":{"feature":"Category","value":"fam_wife","previousValue":"fam","annotation":{"addr":1158,"begin":86,"end":112,"type":"custom.Span","text":"desselben Frantzen\nEwirtin"}},"document_name":"admin_001_HGB_1_002_096_007.tei","event":"FeatureValueUpdatedEvent","id":800110,"user":"iprada"}
{"annotator":"iprada","created":1770986271000,"details":{"addr":1165,"begin":105,"end":112,"type":"custom.Span","text":"Ewirtin"},"document_name":"admin_001_HGB_1_002_096_007.tei","event":"SpanCreatedEvent","id":800111,"user":"iprada"}
{"annotator":"iprada","created":1770986271000,"details":{"feature":"Element","value":"appo","annotation":{"addr":1165,"begin":105,"end":112,"type":"custom.Span","text":"Ewirtin"}},"document_name":"admin_001_HGB_1_002_096_007.tei","event":"FeatureValueUpdatedEvent","id":800112,"user":"iprada"}
{"annotator":"iprada","created":1770986273000,"details":{"feature":"Element","previousValue":"appo","annotation":{"addr":1165,"begin":105,"end":112,"type":"custom.Span","text":"Ewirtin"}},"document_name":"admin_001_HGB_1_002_096_007.tei","event":"FeatureValueUpdatedEvent","id":800113,"user":"iprada"}
{"annotator":"iprada","created":1770986276000,"details":{"feature":"Element","value":"head","annotation":{"addr":1165,"begin":105,"end":112,"type":"custom.Span","text":"Ewirtin"}},"document_name":"admin_001_HGB_1_002_096_007.tei","event":"FeatureValueUpdatedEvent","id":800114,"user":"iprada"}
{"annotator":"iprada","created":1770986279000,"details":{"feature":"Category","value":"fam_wife","annotation":{"addr":1165,"begin":105,"end":112,"type":"custom.Span","text":"Ewirtin"}},"document_name":"admin_001_HGB_1_002_096_007.tei","event":"FeatureValueUpdatedEvent","id":800115,"user":"iprada"}
{"annotator":"iprada","created":1770986282000,"details":{"feature":"Category","previousValue":"fam_wife","annotation":{"addr":1158,"begin":86,"end":112,"type":"custom.Span","text":"desselben Frantzen\nEwirtin"}},"document_name":"admin_001_HGB_1_002_096_007.tei","event":"FeatureValueUpdatedEvent","id":800116,"user":"iprada"}
{"annotator":"iprada","created":1770986294000,"document_name":"admin_001_HGB_1_002_096_007.tei","event":"DocumentOpenedEvent","id":800117,"user":"iprada"}
{"annotator":"iprada","created":1770986299000,"details":{"addr":1172,"begin":86,"end":104,"type":"custom.Span","text":"desselben Frantzen"},"document_name":"admin_001_HGB_1_002_096_007.tei","event":"SpanCreatedEvent","id":800118,"user":"iprada"}
{"annotator":"iprada","created":1770986301000,"details":{"feature":"Element","value":"ref","annotation":{"addr":1172,"begin":86,"end":104,"type":"custom.Span","text":"desselben Frantzen"}},"document_name":"admin_001_HGB_1_002_096_007.tei","event":"FeatureValueUpdatedEvent","id":800119,"user":"iprada"}
{"annotator":"iprada","created":1770986302000,"details":{"feature":"Category","value":"per","annotation":{"addr":1172,"begin":86,"end":104,"type":"custom.Span","text":"desselben Frantzen"}},"document_name":"admin_001_HGB_1_002_096_007.tei","event":"FeatureValueUpdatedEvent","id":800120,"user":"iprada"}
{"annotator":"iprada","created":1770986304000,"details":{"addr":1179,"begin":96,"end":104,"type":"custom.Span","text":"Frantzen"},"document_name":"admin_001_HGB_1_002_096_007.tei","event":"SpanCreatedEvent","id":800121,"user":"iprada"}
{"annotator":"iprada","created":1770986304000,"details":{"feature":"Element","value":"ref","annotation":{"addr":1179,"begin":96,"end":104,"type":"custom.Span","text":"Frantzen"}},"document_name":"admin_001_HGB_1_002_096_007.tei","event":"FeatureValueUpdatedEvent","id":800122,"user":"iprada"}
{"annotator":"iprada","created":1770986306000,"details":{"feature":"Element","previousValue":"ref","annotation":{"addr":1179,"begin":96,"end":104,"type":"custom.Span","text":"Frantzen"}},"document_name":"admin_001_HGB_1_002_096_007.tei","event":"FeatureValueUpdatedEvent","id":800123,"user":"iprada"}
{"created":1770986332000,"event":"LayerConfigurationChangedEvent","id":800124,"user":"iprada"}
{"annotator":"iprada","created":1770986335000,"document_name":"admin_001_HGB_1_002_096_007.tei","event":"DocumentOpenedEvent","id":800125,"user":"iprada"}
{"annotator":"iprada","created":1770986341000,"details":{"addr":1179,"begin":96,"end":104,"type":"custom.Span","text":"Frantzen"},"document_name":"admin_001_HGB_1_002_096_007.tei","event":"SpanDeletedEvent","id":800126,"user":"iprada"}
{"annotator":"iprada","created":1770986342000,"details":{"addr":1165,"begin":105,"end":112,"type":"custom.Span","text":"Ewirtin"},"document_name":"admin_001_HGB_1_002_096_007.tei","event":"SpanDeletedEvent","id":800127,"user":"iprada"}
{"annotator":"iprada","created":1770986343000,"details":{"addr":1186,"begin":105,"end":112,"type":"custom.Span","text":"Ewirtin"},"document_name":"admin_001_HGB_1_002_096_007.tei","event":"SpanCreatedEvent","id":800128,"user":"iprada"}
{"annotator":"iprada","created":1770986344000,"details":{"feature":"Element","value":"head","annotation":{"addr":1186,"begin":105,"end":112,"type":"custom.Span","text":"Ewirtin"}},"document_name":"admin_001_HGB_1_002_096_007.tei","event":"FeatureValueUpdatedEvent","id":800129,"user":"iprada"}
{"annotator":"iprada","created":1770986347000,"details":{"feature":"Category","value":"fam","annotation":{"addr":1186,"begin":105,"end":112,"type":"custom.Span","text":"Ewirtin"}},"document_name":"admin_001_HGB_1_002_096_007.tei","event":"FeatureValueUpdatedEvent","id":800130,"user":"iprada"}
{"annotator":"iprada","created":1770986350000,"details":{"feature":"Category","value":"fam_wife","previousValue":"fam","annotation":{"addr":1186,"begin":105,"end":112,"type":"custom.Span","text":"Ewirtin"}},"document_name":"admin_001_HGB_1_002_096_007.tei","event":"FeatureValueUpdatedEvent","id":800131,"user":"iprada"}
{"annotator":"iprada","created":1770986352000,"details":{"addr":1193,"begin":96,"end":104,"type":"custom.Span","text":"Frantzen"},"document_name":"admin_001_HGB_1_002_096_007.tei","event":"SpanCreatedEvent","id":800132,"user":"iprada"}
{"annotator":"iprada","created":1770986354000,"details":{"feature":"Element","value":"head","annotation":{"addr":1193,"begin":96,"end":104,"type":"custom.Span","text":"Frantzen"}},"document_name":"admin_001_HGB_1_002_096_007.tei","event":"FeatureValueUpdatedEvent","id":800133,"user":"iprada"}
{"annotator":"iprada","created":1770986356000,"details":{"feature":"Category","value":"nam","annotation":{"addr":1193,"begin":96,"end":104,"type":"custom.Span","text":"Frantzen"}},"document_name":"admin_001_HGB_1_002_096_007.tei","event":"FeatureValueUpdatedEvent","id":800134,"user":"iprada"}
{"annotator":"iprada","created":1770986370000,"details":{"addr":1200,"begin":12,"end":29,"type":"custom.Span","text":"Hans von Pltingen"},"document_name":"admin_001_HGB_1_002_096_007.tei","event":"SpanCreatedEvent","id":800135,"user":"iprada"}
{"annotator":"iprada","created":1770986373000,"details":{"feature":"Element","value":"ref","annotation":{"addr":1200,"begin":12,"end":29,"type":"custom.Span","text":"Hans von Pltingen"}},"document_name":"admin_001_HGB_1_002_096_007.tei","event":"FeatureValueUpdatedEvent","id":800136,"user":"iprada"}
{"annotator":"iprada","created":1770986375000,"details":{"feature":"Category","value":"nam","annotation":{"addr":1200,"begin":12,"end":29,"type":"custom.Span","text":"Hans von Pltingen"}},"document_name":"admin_001_HGB_1_002_096_007.tei","event":"FeatureValueUpdatedEvent","id":800137,"user":"iprada"}
{"annotator":"iprada","created":1770986393000,"details":{"feature":"Category","value":"per","previousValue":"nam","annotation":{"addr":1200,"begin":12,"end":29,"type":"custom.Span","text":"Hans von Pltingen"}},"document_name":"admin_001_HGB_1_002_096_007.tei","event":"FeatureValueUpdatedEvent","id":800138,"user":"iprada"}
{"created":1770986399000,"details":{"tag":"per.nam","tagSet":"Category labels"},"event":"TagCreatedEvent","id":800139,"user":"iprada"}
{"annotator":"iprada","created":1770986399000,"details":{"feature":"Category","value":"per.nam","previousValue":"per","annotation":{"addr":1200,"begin":12,"end":29,"type":"custom.Span","text":"Hans von Pltingen"}},"document_name":"admin_001_HGB_1_002_096_007.tei","event":"FeatureValueUpdatedEvent","id":800140,"user":"iprada"}
{"annotator":"iprada","created":1770986403000,"details":{"feature":"Category","value":"per","previousValue":"per.nam","annotation":{"addr":1200,"begin":12,"end":29,"type":"custom.Span","text":"Hans von Pltingen"}},"document_name":"admin_001_HGB_1_002_096_007.tei","event":"FeatureValueUpdatedEvent","id":800141,"user":"iprada"}
{"annotator":"iprada","created":1770986419000,"details":{"addr":1207,"begin":41,"end":71,"type":"custom.Span","text":"Frantzen Eltingers\nzins vatter"},"document_name":"admin_001_HGB_1_002_096_007.tei","event":"SpanCreatedEvent","id":800142,"user":"iprada"}
{"annotator":"iprada","created":1770986425000,"details":{"feature":"Element","value":"ref","annotation":{"addr":1207,"begin":41,"end":71,"type":"custom.Span","text":"Frantzen Eltingers\nzins vatter"}},"document_name":"admin_001_HGB_1_002_096_007.tei","event":"FeatureValueUpdatedEvent","id":800143,"user":"iprada"}
{"annotator":"iprada","created":1770986427000,"details":{"feature":"Category","value":"per","annotation":{"addr":1207,"begin":41,"end":71,"type":"custom.Span","text":"Frantzen Eltingers\nzins vatter"}},"document_name":"admin_001_HGB_1_002_096_007.tei","event":"FeatureValueUpdatedEvent","id":800144,"user":"iprada"}
{"annotator":"iprada","created":1770986429000,"details":{"addr":1214,"begin":41,"end":59,"type":"custom.Span","text":"Frantzen Eltingers"},"document_name":"admin_001_HGB_1_002_096_007.tei","event":"SpanCreatedEvent","id":800145,"user":"iprada"}
{"annotator":"iprada","created":1770986432000,"details":{"feature":"Element","value":"head","annotation":{"addr":1214,"begin":41,"end":59,"type":"custom.Span","text":"Frantzen Eltingers"}},"document_name":"admin_001_HGB_1_002_096_007.tei","event":"FeatureValueUpdatedEvent","id":800146,"user":"iprada"}
{"annotator":"iprada","created":1770986433000,"details":{"feature":"Category","value":"nam","annotation":{"addr":1214,"begin":41,"end":59,"type":"custom.Span","text":"Frantzen Eltingers"}},"document_name":"admin_001_HGB_1_002_096_007.tei","event":"FeatureValueUpdatedEvent","id":800147,"user":"iprada"}
{"annotator":"iprada","created":1770986435000,"details":{"addr":1221,"begin":60,"end":71,"type":"custom.Span","text":"zins vatter"},"document_name":"admin_001_HGB_1_002_096_007.tei","event":"SpanCreatedEvent","id":800148,"user":"iprada"}
{"annotator":"iprada","created":1770986436000,"details":{"feature":"Element","value":"appo","annotation":{"addr":1221,"begin":60,"end":71,"type":"custom.Span","text":"zins vatter"}},"document_name":"admin_001_HGB_1_002_096_007.tei","event":"FeatureValueUpdatedEvent","id":800149,"user":"iprada"}
{"annotator":"iprada","created":1770986441000,"details":{"addr":1228,"begin":65,"end":71,"type":"custom.Span","text":"vatter"},"document_name":"admin_001_HGB_1_002_096_007.tei","event":"SpanCreatedEvent","id":800150,"user":"iprada"}
{"annotator":"iprada","created":1770986442000,"details":{"feature":"Element","value":"head","annotation":{"addr":1228,"begin":65,"end":71,"type":"custom.Span","text":"vatter"}},"document_name":"admin_001_HGB_1_002_096_007.tei","event":"FeatureValueUpdatedEvent","id":800151,"user":"iprada"}
{"created":1770986446000,"details":{"tag":"fam_father","tagSet":"Category labels"},"event":"TagCreatedEvent","id":800152,"user":"iprada"}
{"annotator":"iprada","created":1770986446000,"details":{"feature":"Category","value":"fam_father","annotation":{"addr":1228,"begin":65,"end":71,"type":"custom.Span","text":"vatter"}},"document_name":"admin_001_HGB_1_002_096_007.tei","event":"FeatureValueUpdatedEvent","id":800153,"user":"iprada"}
{"annotator":"iprada","created":1770986450000,"details":{"addr":1235,"begin":60,"end":64,"type":"custom.Span","text":"zins"},"document_name":"admin_001_HGB_1_002_096_007.tei","event":"SpanCreatedEvent","id":800154,"user":"iprada"}
{"created":1770986462000,"details":{"tag":"pro","tagSet":"Element labels"},"event":"TagCreatedEvent","id":800155,"user":"iprada"}
{"annotator":"iprada","created":1770986465000,"document_name":"admin_001_HGB_1_002_096_007.tei","event":"DocumentOpenedEvent","id":800156,"user":"iprada"}
{"annotator":"iprada","created":1770986468000,"details":{"feature":"Element","value":"pro","annotation":{"addr":1221,"begin":60,"end":64,"type":"custom.Span","text":"zins"}},"document_name":"admin_001_HGB_1_002_096_007.tei","event":"FeatureValueUpdatedEvent","id":800157,"user":"iprada"}
{"annotator":"iprada","created":1770986473000,"details":{"addr":1228,"type":"custom.Relation","source":{"addr":1221,"begin":60,"end":64,"type":"custom.Span","text":"zins"},"target":{"addr":1186,"begin":12,"end":29,"type":"custom.Span","text":"Hans von Pltingen"}},"document_name":"admin_001_HGB_1_002_096_007.tei","event":"RelationCreatedEvent","id":800158,"user":"iprada"}
{"created":1770986475000,"details":{"tag":"coref","tagSet":"Relation labels"},"event":"TagCreatedEvent","id":800159,"user":"iprada"}
{"annotator":"iprada","created":1770986475000,"details":{"feature":"label","value":"coref","annotation":{"addr":1228,"begin":12,"end":29,"type":"custom.Relation","text":"Hans von Pltingen"}},"document_name":"admin_001_HGB_1_002_096_007.tei","event":"FeatureValueUpdatedEvent","id":800160,"user":"iprada"}
{"annotator":"iprada","created":1770986480000,"details":{"addr":1235,"type":"custom.Relation","source":{"addr":1165,"begin":86,"end":104,"type":"custom.Span","text":"desselben Frantzen"},"target":{"addr":1193,"begin":41,"end":71,"type":"custom.Span","text":"Frantzen Eltingers\nzins vatter"}},"document_name":"admin_001_HGB_1_002_096_007.tei","event":"RelationCreatedEvent","id":800161,"user":"iprada"}
{"annotator":"iprada","created":1770986481000,"details":{"feature":"label","value":"coref","annotation":{"addr":1235,"begin":41,"end":71,"type":"custom.Relation","text":"Frantzen Eltingers\nzins vatter"}},"document_name":"admin_001_HGB_1_002_096_007.tei","event":"FeatureValueUpdatedEvent","id":800162,"user":"iprada"}
{"annotator":"iprada","created":1770986486000,"details":{"addr":1235,"type":"custom.Relation","source":{"addr":1165,"begin":86,"end":104,"type":"custom.Span","text":"desselben Frantzen"},"target":{"addr":1193,"begin":41,"end":71,"type":"custom.Span","text":"Frantzen Eltingers\nzins vatter"}},"document_name":"admin_001_HGB_1_002_096_007.tei","event":"RelationDeletedEvent","id":800163,"user":"iprada"}
{"annotator":"iprada","created":1770988208000,"details":{"state":"NEW","previousState":"INPROGRESS"},"document_name":"admin_001_HGB_1_002_096_007.tei","event":"AnnotationStateChangeEvent","id":800164,"user":"iprada"}
{"annotator":"iprada","created":1770988208000,"details":{"state":"INPROGRESS","previousState":"NEW","annotatorState":"INPROGRESS"},"document_name":"admin_001_HGB_1_002_096_007.tei","event":"AnnotationStateChangeEvent","id":800166,"user":"iprada"}
{"annotator":"iprada","created":1770988208000,"document_name":"admin_001_HGB_1_002_096_007.tei","event":"DocumentOpenedEvent","id":800167,"user":"iprada"}
{"annotator":"iprada","created":1770988214000,"details":{"addr":1144,"begin":12,"end":29,"type":"custom.Span","text":"Hans von Pltingen"},"document_name":"admin_001_HGB_1_002_096_007.tei","event":"SpanCreatedEvent","id":800168,"user":"iprada"}
{"annotator":"iprada","created":1770988217000,"details":{"feature":"Element","value":"ref","annotation":{"addr":1144,"begin":12,"end":29,"type":"custom.Span","text":"Hans von Pltingen"}},"document_name":"admin_001_HGB_1_002_096_007.tei","event":"FeatureValueUpdatedEvent","id":800169,"user":"iprada"}
{"annotator":"iprada","created":1770988218000,"details":{"feature":"Category","value":"per","annotation":{"addr":1144,"begin":12,"end":29,"type":"custom.Span","text":"Hans von Pltingen"}},"document_name":"admin_001_HGB_1_002_096_007.tei","event":"FeatureValueUpdatedEvent","id":800170,"user":"iprada"}
{"annotator":"iprada","created":1770988221000,"details":{"addr":1151,"begin":79,"end":112,"type":"custom.Span","text":"Angnes desselben Frantzen\nEwirtin"},"document_name":"admin_001_HGB_1_002_096_007.tei","event":"SpanCreatedEvent","id":800171,"user":"iprada"}
{"annotator":"iprada","created":1770988222000,"details":{"feature":"Element","value":"ref","annotation":{"addr":1151,"begin":79,"end":112,"type":"custom.Span","text":"Angnes desselben Frantzen\nEwirtin"}},"document_name":"admin_001_HGB_1_002_096_007.tei","event":"FeatureValueUpdatedEvent","id":800172,"user":"iprada"}
{"annotator":"iprada","created":1770988223000,"details":{"feature":"Category","value":"per","annotation":{"addr":1151,"begin":79,"end":112,"type":"custom.Span","text":"Angnes desselben Frantzen\nEwirtin"}},"document_name":"admin_001_HGB_1_002_096_007.tei","event":"FeatureValueUpdatedEvent","id":800173,"user":"iprada"}
{"annotator":"iprada","created":1770988227000,"details":{"addr":1158,"begin":127,"end":152,"type":"custom.Span","text":"Peter Schützen\nden Rebman"},"document_name":"admin_001_HGB_1_002_096_007.tei","event":"SpanCreatedEvent","id":800174,"user":"iprada"}
{"annotator":"iprada","created":1770988228000,"details":{"feature":"Element","value":"ref","annotation":{"addr":1158,"begin":127,"end":152,"type":"custom.Span","text":"Peter Schützen\nden Rebman"}},"document_name":"admin_001_HGB_1_002_096_007.tei","event":"FeatureValueUpdatedEvent","id":800175,"user":"iprada"}
{"annotator":"iprada","created":1770988229000,"details":{"feature":"Category","value":"per","annotation":{"addr":1158,"begin":127,"end":152,"type":"custom.Span","text":"Peter Schützen\nden Rebman"}},"document_name":"admin_001_HGB_1_002_096_007.tei","event":"FeatureValueUpdatedEvent","id":800176,"user":"iprada"}
{"annotator":"iprada","created":1770988231000,"details":{"addr":1165,"begin":115,"end":123,"type":"custom.Span","text":"verkauft"},"document_name":"admin_001_HGB_1_002_096_007.tei","event":"SpanCreatedEvent","id":800177,"user":"iprada"}
{"annotator":"iprada","created":1770988233000,"details":{"feature":"Element","value":"trigger","annotation":{"addr":1165,"begin":115,"end":123,"type":"custom.Span","text":"verkauft"}},"document_name":"admin_001_HGB_1_002_096_007.tei","event":"FeatureValueUpdatedEvent","id":800178,"user":"iprada"}
{"created":1770988243000,"details":{"tag":"property_purchase","tagSet":"Category labels"},"event":"TagCreatedEvent","id":800179,"user":"iprada"}
{"annotator":"iprada","created":1770988243000,"details":{"feature":"Category","value":"property_purchase","annotation":{"addr":1165,"begin":115,"end":123,"type":"custom.Span","text":"verkauft"}},"document_name":"admin_001_HGB_1_002_096_007.tei","event":"FeatureValueUpdatedEvent","id":800180,"user":"iprada"}
{"annotator":"iprada","created":1770988253000,"details":{"addr":1172,"begin":155,"end":460,"type":"custom.Span","text":"daz Hus & Hofstatt mit dem garten derhinder , als es gelegen ist in der vorstatt ze Eschemerthor\n, ư genant zem Haffen , nebent der Brennerin hus genant zem trachen ze einer siten , u . Clewin Gottschis\nhus den man sprichet zem Widershom zer andern siten , zinset voneig . der Thumprobstye 11 becher Bonen"},"document_name":"admin_001_HGB_1_002_096_007.tei","event":"SpanCreatedEvent","id":800181,"user":"iprada"}
{"annotator":"iprada","created":1770988255000,"details":{"feature":"Element","value":"ref","annotation":{"addr":1172,"begin":155,"end":460,"type":"custom.Span","text":"daz Hus & Hofstatt mit dem garten derhinder , als es gelegen ist in der vorstatt ze Eschemerthor\n, ư genant zem Haffen , nebent der Brennerin hus genant zem trachen ze einer siten , u . Clewin Gottschis\nhus den man sprichet zem Widershom zer andern siten , zinset voneig . der Thumprobstye 11 becher Bonen"}},"document_name":"admin_001_HGB_1_002_096_007.tei","event":"FeatureValueUpdatedEvent","id":800182,"user":"iprada"}
{"created":1770988261000,"details":{"tag":"loc_fac","tagSet":"Category labels"},"event":"TagCreatedEvent","id":800183,"user":"iprada"}
{"annotator":"iprada","created":1770988261000,"details":{"feature":"Category","value":"loc_fac","annotation":{"addr":1172,"begin":155,"end":460,"type":"custom.Span","text":"daz Hus & Hofstatt mit dem garten derhinder , als es gelegen ist in der vorstatt ze Eschemerthor\n, ư genant zem Haffen , nebent der Brennerin hus genant zem trachen ze einer siten , u . Clewin Gottschis\nhus den man sprichet zem Widershom zer andern siten , zinset voneig . der Thumprobstye 11 becher Bonen"}},"document_name":"admin_001_HGB_1_002_096_007.tei","event":"FeatureValueUpdatedEvent","id":800184,"user":"iprada"}
{"annotator":"iprada","created":1770988264000,"details":{"addr":1179,"begin":466,"end":472,"type":"custom.Span","text":"163 fl"},"document_name":"admin_001_HGB_1_002_096_007.tei","event":"SpanCreatedEvent","id":800185,"user":"iprada"}
{"annotator":"iprada","created":1770988266000,"details":{"feature":"Element","value":"val","annotation":{"addr":1179,"begin":466,"end":472,"type":"custom.Span","text":"163 fl"}},"document_name":"admin_001_HGB_1_002_096_007.tei","event":"FeatureValueUpdatedEvent","id":800186,"user":"iprada"}
{"created":1770988270000,"details":{"tag":"money","tagSet":"Category labels"},"event":"TagCreatedEvent","id":800187,"user":"iprada"}
{"annotator":"iprada","created":1770988270000,"details":{"feature":"Category","value":"money","annotation":{"addr":1179,"begin":466,"end":472,"type":"custom.Span","text":"163 fl"}},"document_name":"admin_001_HGB_1_002_096_007.tei","event":"FeatureValueUpdatedEvent","id":800188,"user":"iprada"}
{"annotator":"iprada","created":1770988289000,"document_name":"admin_001_HGB_1_002_096_007.tei","event":"DocumentOpenedEvent","id":800189,"user":"iprada"}
{"annotator":"iprada","created":1770988298000,"document_name":"admin_001_HGB_1_002_096_007.tei","event":"DocumentOpenedEvent","id":800190,"user":"iprada"}
{"annotator":"iprada","created":1770988308000,"document_name":"admin_001_HGB_1_002_096_007.tei","event":"DocumentOpenedEvent","id":800191,"user":"iprada"}
{"annotator":"iprada","created":1770988312000,"document_name":"admin_001_HGB_1_002_096_007.tei","event":"DocumentOpenedEvent","id":800192,"user":"iprada"}
{"created":1770988318000,"details":{"tag":"seller","tagSet":"Role labels"},"event":"TagCreatedEvent","id":800193,"user":"iprada"}
{"annotator":"iprada","created":1770988318000,"details":{"feature":"Role","value":"seller","annotation":{"addr":1144,"begin":12,"end":29,"type":"custom.Span","text":"Hans von Pltingen"}},"document_name":"admin_001_HGB_1_002_096_007.tei","event":"FeatureValueUpdatedEvent","id":800194,"user":"iprada"}
{"annotator":"iprada","created":1770988321000,"details":{"addr":1186,"begin":41,"end":59,"type":"custom.Span","text":"Frantzen Eltingers"},"document_name":"admin_001_HGB_1_002_096_007.tei","event":"SpanCreatedEvent","id":800195,"user":"iprada"}
{"annotator":"iprada","created":1770988322000,"details":{"feature":"Element","value":"ref","annotation":{"addr":1186,"begin":41,"end":59,"type":"custom.Span","text":"Frantzen Eltingers"}},"document_name":"admin_001_HGB_1_002_096_007.tei","event":"FeatureValueUpdatedEvent","id":800196,"user":"iprada"}
{"annotator":"iprada","created":1770988325000,"details":{"addr":1186,"begin":41,"end":59,"type":"custom.Span","text":"Frantzen Eltingers"},"document_name":"admin_001_HGB_1_002_096_007.tei","event":"SpanDeletedEvent","id":800197,"user":"iprada"}
{"annotator":"iprada","created":1770988326000,"details":{"addr":1193,"begin":41,"end":71,"type":"custom.Span","text":"Frantzen Eltingers\nzins vatter"},"document_name":"admin_001_HGB_1_002_096_007.tei","event":"SpanCreatedEvent","id":800198,"user":"iprada"}
{"annotator":"iprada","created":1770988328000,"details":{"feature":"Element","value":"ref","annotation":{"addr":1193,"begin":41,"end":71,"type":"custom.Span","text":"Frantzen Eltingers\nzins vatter"}},"document_name":"admin_001_HGB_1_002_096_007.tei","event":"FeatureValueUpdatedEvent","id":800199,"user":"iprada"}
{"annotator":"iprada","created":1770988330000,"details":{"feature":"Category","value":"per","annotation":{"addr":1193,"begin":41,"end":71,"type":"custom.Span","text":"Frantzen Eltingers\nzins vatter"}},"document_name":"admin_001_HGB_1_002_096_007.tei","event":"FeatureValueUpdatedEvent","id":800200,"user":"iprada"}
{"created":1770988335000,"details":{"tag":"consente","tagSet":"Role labels"},"event":"TagCreatedEvent","id":800201,"user":"iprada"}
{"annotator":"iprada","created":1770988335000,"details":{"feature":"Role","value":"consente","annotation":{"addr":1193,"begin":41,"end":71,"type":"custom.Span","text":"Frantzen Eltingers\nzins vatter"}},"document_name":"admin_001_HGB_1_002_096_007.tei","event":"FeatureValueUpdatedEvent","id":800202,"user":"iprada"}
{"created":1770988337000,"details":{"tag":"consenter","tagSet":"Role labels"},"event":"TagCreatedEvent","id":800203,"user":"iprada"}
{"annotator":"iprada","created":1770988337000,"details":{"feature":"Role","value":"consenter","previousValue":"consente","annotation":{"addr":1193,"begin":41,"end":71,"type":"custom.Span","text":"Frantzen Eltingers\nzins vatter"}},"document_name":"admin_001_HGB_1_002_096_007.tei","event":"FeatureValueUpdatedEvent","id":800204,"user":"iprada"}
{"created":1770988343000,"details":{"tag":"buyer","tagSet":"Role labels"},"event":"TagCreatedEvent","id":800205,"user":"iprada"}
{"annotator":"iprada","created":1770988343000,"details":{"feature":"Role","value":"buyer","annotation":{"addr":1151,"begin":79,"end":112,"type":"custom.Span","text":"Angnes desselben Frantzen\nEwirtin"}},"document_name":"admin_001_HGB_1_002_096_007.tei","event":"FeatureValueUpdatedEvent","id":800206,"user":"iprada"}
{"annotator":"iprada","created":1770988344000,"details":{"feature":"Role","previousValue":"buyer","annotation":{"addr":1151,"begin":79,"end":112,"type":"custom.Span","text":"Angnes desselben Frantzen\nEwirtin"}},"document_name":"admin_001_HGB_1_002_096_007.tei","event":"FeatureValueUpdatedEvent","id":800207,"user":"iprada"}
{"annotator":"iprada","created":1770988346000,"details":{"feature":"Role","value":"seller","annotation":{"addr":1151,"begin":79,"end":112,"type":"custom.Span","text":"Angnes desselben Frantzen\nEwirtin"}},"document_name":"admin_001_HGB_1_002_096_007.tei","event":"FeatureValueUpdatedEvent","id":800208,"user":"iprada"}
{"annotator":"iprada","created":1770988352000,"details":{"feature":"Role","value":"buyer","annotation":{"addr":1158,"begin":127,"end":152,"type":"custom.Span","text":"Peter Schützen\nden Rebman"}},"document_name":"admin_001_HGB_1_002_096_007.tei","event":"FeatureValueUpdatedEvent","id":800209,"user":"iprada"}
{"created":1770988374000,"details":{"tag":"property","tagSet":"Role labels"},"event":"TagCreatedEvent","id":800210,"user":"iprada"}
{"annotator":"iprada","created":1770988374000,"details":{"feature":"Role","value":"property","annotation":{"addr":1172,"begin":155,"end":460,"type":"custom.Span","text":"daz Hus & Hofstatt mit dem garten derhinder , als es gelegen ist in der vorstatt ze Eschemerthor\n, ư genant zem Haffen , nebent der Brennerin hus genant zem trachen ze einer siten , u . Clewin Gottschis\nhus den man sprichet zem Widershom zer andern siten , zinset voneig . der Thumprobstye 11 becher Bonen"}},"document_name":"admin_001_HGB_1_002_096_007.tei","event":"FeatureValueUpdatedEvent","id":800211,"user":"iprada"}
{"created":1770988379000,"details":{"tag":"price","tagSet":"Role labels"},"event":"TagCreatedEvent","id":800212,"user":"iprada"}
{"annotator":"iprada","created":1770988379000,"details":{"feature":"Role","value":"price","annotation":{"addr":1179,"begin":466,"end":472,"type":"custom.Span","text":"163 fl"}},"document_name":"admin_001_HGB_1_002_096_007.tei","event":"FeatureValueUpdatedEvent","id":800213,"user":"iprada"}
{"annotator":"iprada","created":1770988388000,"document_name":"admin_001_HGB_1_002_096_007.tei","event":"DocumentOpenedEvent","id":800214,"user":"iprada"}
{"annotator":"iprada","created":1770988393000,"document_name":"admin_001_HGB_1_002_096_007.tei","event":"DocumentOpenedEvent","id":800215,"user":"iprada"}
{"annotator":"iprada","created":1770988397000,"document_name":"admin_001_HGB_1_002_096_007.tei","event":"DocumentOpenedEvent","id":800216,"user":"iprada"}
{"annotator":"iprada","created":1770988990000,"details":{"addr":1193,"begin":12,"end":16,"type":"custom.Span","text":"Hans"},"document_name":"admin_001_HGB_1_002_096_007.tei","event":"SpanCreatedEvent","id":800217,"user":"iprada"}
{"annotator":"iprada","created":1770988995000,"details":{"feature":"Element","value":"head","annotation":{"addr":1193,"begin":12,"end":16,"type":"custom.Span","text":"Hans"}},"document_name":"admin_001_HGB_1_002_096_007.tei","event":"FeatureValueUpdatedEvent","id":800218,"user":"iprada"}
{"annotator":"iprada","created":1770988999000,"details":{"feature":"Category","value":"nam","annotation":{"addr":1193,"begin":12,"end":16,"type":"custom.Span","text":"Hans"}},"document_name":"admin_001_HGB_1_002_096_007.tei","event":"FeatureValueUpdatedEvent","id":800219,"user":"iprada"}
{"created":1770989013000,"event":"LayerConfigurationChangedEvent","id":800220,"user":"iprada"}
{"annotator":"iprada","created":1770989021000,"document_name":"admin_001_HGB_1_002_096_007.tei","event":"DocumentOpenedEvent","id":800221,"user":"iprada"}
{"annotator":"iprada","created":1770989039000,"details":{"addr":1193,"begin":12,"end":29,"type":"custom.Span","text":"Hans von Pltingen"},"document_name":"admin_001_HGB_1_002_096_007.tei","event":"SpanMovedEvent","id":800222,"user":"iprada"}
{"annotator":"iprada","created":1770989042000,"details":{"addr":1193,"begin":12,"end":29,"type":"custom.Span","text":"Hans von Pltingen"},"document_name":"admin_001_HGB_1_002_096_007.tei","event":"SpanDeletedEvent","id":800223,"user":"iprada"}
{"annotator":"iprada","created":1770989045000,"details":{"addr":1200,"begin":41,"end":49,"type":"custom.Span","text":"Frantzen"},"document_name":"admin_001_HGB_1_002_096_007.tei","event":"SpanCreatedEvent","id":800224,"user":"iprada"}
{"annotator":"iprada","created":1770989049000,"details":{"feature":"Element","value":"head","annotation":{"addr":1200,"begin":41,"end":49,"type":"custom.Span","text":"Frantzen"}},"document_name":"admin_001_HGB_1_002_096_007.tei","event":"FeatureValueUpdatedEvent","id":800225,"user":"iprada"}
{"annotator":"iprada","created":1770989050000,"details":{"feature":"Category","value":"nam","annotation":{"addr":1200,"begin":41,"end":49,"type":"custom.Span","text":"Frantzen"}},"document_name":"admin_001_HGB_1_002_096_007.tei","event":"FeatureValueUpdatedEvent","id":800226,"user":"iprada"}
{"annotator":"iprada","created":1770989052000,"details":{"addr":1200,"begin":41,"end":59,"type":"custom.Span","text":"Frantzen Eltingers"},"document_name":"admin_001_HGB_1_002_096_007.tei","event":"SpanMovedEvent","id":800227,"user":"iprada"}
{"annotator":"iprada","created":1770989053000,"details":{"addr":1207,"begin":60,"end":71,"type":"custom.Span","text":"zins vatter"},"document_name":"admin_001_HGB_1_002_096_007.tei","event":"SpanCreatedEvent","id":800228,"user":"iprada"}
{"annotator":"iprada","created":1770989055000,"details":{"feature":"Element","value":"appo","annotation":{"addr":1207,"begin":60,"end":71,"type":"custom.Span","text":"zins vatter"}},"document_name":"admin_001_HGB_1_002_096_007.tei","event":"FeatureValueUpdatedEvent","id":800229,"user":"iprada"}
{"annotator":"iprada","created":1770989057000,"details":{"addr":1214,"begin":65,"end":71,"type":"custom.Span","text":"vatter"},"document_name":"admin_001_HGB_1_002_096_007.tei","event":"SpanCreatedEvent","id":800230,"user":"iprada"}
{"annotator":"iprada","created":1770989057000,"details":{"feature":"Element","value":"head","annotation":{"addr":1214,"begin":65,"end":71,"type":"custom.Span","text":"vatter"}},"document_name":"admin_001_HGB_1_002_096_007.tei","event":"FeatureValueUpdatedEvent","id":800231,"user":"iprada"}
{"annotator":"iprada","created":1770989060000,"details":{"feature":"Category","value":"fam_father","annotation":{"addr":1214,"begin":65,"end":71,"type":"custom.Span","text":"vatter"}},"document_name":"admin_001_HGB_1_002_096_007.tei","event":"FeatureValueUpdatedEvent","id":800232,"user":"iprada"}
{"annotator":"iprada","created":1770989062000,"details":{"addr":1221,"begin":60,"end":64,"type":"custom.Span","text":"zins"},"document_name":"admin_001_HGB_1_002_096_007.tei","event":"SpanCreatedEvent","id":800233,"user":"iprada"}
{"annotator":"iprada","created":1770989063000,"details":{"feature":"Element","value":"pro","annotation":{"addr":1221,"begin":60,"end":64,"type":"custom.Span","text":"zins"}},"document_name":"admin_001_HGB_1_002_096_007.tei","event":"FeatureValueUpdatedEvent","id":800234,"user":"iprada"}
{"annotator":"iprada","created":1770989066000,"details":{"addr":1228,"type":"custom.Relation","source":{"addr":1221,"begin":60,"end":64,"type":"custom.Span","text":"zins"},"target":{"addr":1144,"begin":12,"end":29,"type":"custom.Span","text":"Hans von Pltingen"}},"document_name":"admin_001_HGB_1_002_096_007.tei","event":"RelationCreatedEvent","id":800235,"user":"iprada"}
{"annotator":"iprada","created":1770989068000,"details":{"feature":"label","value":"coref","annotation":{"addr":1228,"begin":12,"end":29,"type":"custom.Relation","text":"Hans von Pltingen"}},"document_name":"admin_001_HGB_1_002_096_007.tei","event":"FeatureValueUpdatedEvent","id":800236,"user":"iprada"}
{"annotator":"iprada","created":1770989070000,"details":{"addr":1235,"begin":79,"end":85,"type":"custom.Span","text":"Angnes"},"document_name":"admin_001_HGB_1_002_096_007.tei","event":"SpanCreatedEvent","id":800237,"user":"iprada"}
{"annotator":"iprada","created":1770989071000,"details":{"feature":"Element","value":"head","annotation":{"addr":1235,"begin":79,"end":85,"type":"custom.Span","text":"Angnes"}},"document_name":"admin_001_HGB_1_002_096_007.tei","event":"FeatureValueUpdatedEvent","id":800238,"user":"iprada"}
{"annotator":"iprada","created":1770989072000,"details":{"feature":"Category","value":"nam","annotation":{"addr":1235,"begin":79,"end":85,"type":"custom.Span","text":"Angnes"}},"document_name":"admin_001_HGB_1_002_096_007.tei","event":"FeatureValueUpdatedEvent","id":800239,"user":"iprada"}
{"annotator":"iprada","created":1770989075000,"details":{"addr":1242,"begin":86,"end":112,"type":"custom.Span","text":"desselben Frantzen\nEwirtin"},"document_name":"admin_001_HGB_1_002_096_007.tei","event":"SpanCreatedEvent","id":800240,"user":"iprada"}
{"annotator":"iprada","created":1770989076000,"details":{"feature":"Element","value":"appo","annotation":{"addr":1242,"begin":86,"end":112,"type":"custom.Span","text":"desselben Frantzen\nEwirtin"}},"document_name":"admin_001_HGB_1_002_096_007.tei","event":"FeatureValueUpdatedEvent","id":800241,"user":"iprada"}
{"annotator":"iprada","created":1770989080000,"details":{"addr":1249,"begin":105,"end":112,"type":"custom.Span","text":"Ewirtin"},"document_name":"admin_001_HGB_1_002_096_007.tei","event":"SpanCreatedEvent","id":800242,"user":"iprada"}
{"annotator":"iprada","created":1770989081000,"details":{"feature":"Element","value":"head","annotation":{"addr":1249,"begin":105,"end":112,"type":"custom.Span","text":"Ewirtin"}},"document_name":"admin_001_HGB_1_002_096_007.tei","event":"FeatureValueUpdatedEvent","id":800243,"user":"iprada"}
{"annotator":"iprada","created":1770989083000,"details":{"feature":"Category","value":"fam_wife","annotation":{"addr":1249,"begin":105,"end":112,"type":"custom.Span","text":"Ewirtin"}},"document_name":"admin_001_HGB_1_002_096_007.tei","event":"FeatureValueUpdatedEvent","id":800244,"user":"iprada"}
{"annotator":"iprada","created":1770989085000,"details":{"addr":1256,"begin":86,"end":104,"type":"custom.Span","text":"desselben Frantzen"},"document_name":"admin_001_HGB_1_002_096_007.tei","event":"SpanCreatedEvent","id":800245,"user":"iprada"}
{"annotator":"iprada","created":1770989087000,"details":{"feature":"Element","value":"ref","annotation":{"addr":1256,"begin":86,"end":104,"type":"custom.Span","text":"desselben Frantzen"}},"document_name":"admin_001_HGB_1_002_096_007.tei","event":"FeatureValueUpdatedEvent","id":800246,"user":"iprada"}
{"annotator":"iprada","created":1770989087000,"details":{"feature":"Category","value":"per","annotation":{"addr":1256,"begin":86,"end":104,"type":"custom.Span","text":"desselben Frantzen"}},"document_name":"admin_001_HGB_1_002_096_007.tei","event":"FeatureValueUpdatedEvent","id":800247,"user":"iprada"}
{"annotator":"iprada","created":1770989090000,"details":{"addr":1263,"begin":96,"end":104,"type":"custom.Span","text":"Frantzen"},"document_name":"admin_001_HGB_1_002_096_007.tei","event":"SpanCreatedEvent","id":800248,"user":"iprada"}
{"annotator":"iprada","created":1770989091000,"details":{"feature":"Element","value":"head","annotation":{"addr":1263,"begin":96,"end":104,"type":"custom.Span","text":"Frantzen"}},"document_name":"admin_001_HGB_1_002_096_007.tei","event":"FeatureValueUpdatedEvent","id":800249,"user":"iprada"}
{"annotator":"iprada","created":1770989092000,"details":{"feature":"Category","value":"nam","annotation":{"addr":1263,"begin":96,"end":104,"type":"custom.Span","text":"Frantzen"}},"document_name":"admin_001_HGB_1_002_096_007.tei","event":"FeatureValueUpdatedEvent","id":800250,"user":"iprada"}
{"annotator":"iprada","created":1770989096000,"details":{"addr":1270,"type":"custom.Relation","source":{"addr":1256,"begin":86,"end":104,"type":"custom.Span","text":"desselben Frantzen"},"target":{"addr":1186,"begin":41,"end":71,"type":"custom.Span","text":"Frantzen Eltingers\nzins vatter"}},"document_name":"admin_001_HGB_1_002_096_007.tei","event":"RelationCreatedEvent","id":800251,"user":"iprada"}
{"annotator":"iprada","created":1770989098000,"details":{"feature":"label","value":"coref","annotation":{"addr":1270,"begin":41,"end":71,"type":"custom.Relation","text":"Frantzen Eltingers\nzins vatter"}},"document_name":"admin_001_HGB_1_002_096_007.tei","event":"FeatureValueUpdatedEvent","id":800252,"user":"iprada"}
{"annotator":"iprada","created":1770989104000,"details":{"addr":1277,"begin":127,"end":141,"type":"custom.Span","text":"Peter Schützen"},"document_name":"admin_001_HGB_1_002_096_007.tei","event":"SpanCreatedEvent","id":800253,"user":"iprada"}
{"annotator":"iprada","created":1770989105000,"details":{"feature":"Element","value":"head","annotation":{"addr":1277,"begin":127,"end":141,"type":"custom.Span","text":"Peter Schützen"}},"document_name":"admin_001_HGB_1_002_096_007.tei","event":"FeatureValueUpdatedEvent","id":800254,"user":"iprada"}
{"annotator":"iprada","created":1770989106000,"details":{"feature":"Category","value":"nam","annotation":{"addr":1277,"begin":127,"end":141,"type":"custom.Span","text":"Peter Schützen"}},"document_name":"admin_001_HGB_1_002_096_007.tei","event":"FeatureValueUpdatedEvent","id":800255,"user":"iprada"}
{"annotator":"iprada","created":1770989108000,"details":{"addr":1284,"begin":142,"end":152,"type":"custom.Span","text":"den Rebman"},"document_name":"admin_001_HGB_1_002_096_007.tei","event":"SpanCreatedEvent","id":800256,"user":"iprada"}
{"annotator":"iprada","created":1770989109000,"details":{"feature":"Element","value":"appo","annotation":{"addr":1284,"begin":142,"end":152,"type":"custom.Span","text":"den Rebman"}},"document_name":"admin_001_HGB_1_002_096_007.tei","event":"FeatureValueUpdatedEvent","id":800257,"user":"iprada"}
{"created":1770989111000,"details":{"tag":"occ","tagSet":"Category labels"},"event":"TagCreatedEvent","id":800258,"user":"iprada"}
{"annotator":"iprada","created":1770989111000,"details":{"feature":"Category","value":"occ","annotation":{"addr":1284,"begin":142,"end":152,"type":"custom.Span","text":"den Rebman"}},"document_name":"admin_001_HGB_1_002_096_007.tei","event":"FeatureValueUpdatedEvent","id":800259,"user":"iprada"}
{"annotator":"iprada","created":1770989113000,"details":{"feature":"Category","previousValue":"occ","annotation":{"addr":1284,"begin":142,"end":152,"type":"custom.Span","text":"den Rebman"}},"document_name":"admin_001_HGB_1_002_096_007.tei","event":"FeatureValueUpdatedEvent","id":800260,"user":"iprada"}
{"annotator":"iprada","created":1770989114000,"details":{"addr":1291,"begin":146,"end":152,"type":"custom.Span","text":"Rebman"},"document_name":"admin_001_HGB_1_002_096_007.tei","event":"SpanCreatedEvent","id":800261,"user":"iprada"}
{"annotator":"iprada","created":1770989116000,"details":{"feature":"Element","value":"head","annotation":{"addr":1291,"begin":146,"end":152,"type":"custom.Span","text":"Rebman"}},"document_name":"admin_001_HGB_1_002_096_007.tei","event":"FeatureValueUpdatedEvent","id":800262,"user":"iprada"}
{"annotator":"iprada","created":1770989117000,"details":{"feature":"Category","value":"occ","annotation":{"addr":1291,"begin":146,"end":152,"type":"custom.Span","text":"Rebman"}},"document_name":"admin_001_HGB_1_002_096_007.tei","event":"FeatureValueUpdatedEvent","id":800263,"user":"iprada"}
{"annotator":"iprada","created":1770989127000,"details":{"addr":1298,"begin":159,"end":173,"type":"custom.Span","text":"Hus & Hofstatt"},"document_name":"admin_001_HGB_1_002_096_007.tei","event":"SpanCreatedEvent","id":800264,"user":"iprada"}
{"annotator":"iprada","created":1770989128000,"details":{"feature":"Element","value":"head","annotation":{"addr":1298,"begin":159,"end":173,"type":"custom.Span","text":"Hus & Hofstatt"}},"document_name":"admin_001_HGB_1_002_096_007.tei","event":"FeatureValueUpdatedEvent","id":800265,"user":"iprada"}
{"created":1770989129000,"details":{"tag":"ty","tagSet":"Category labels"},"event":"TagCreatedEvent","id":800266,"user":"iprada"}
{"annotator":"iprada","created":1770989129000,"details":{"feature":"Category","value":"ty","annotation":{"addr":1298,"begin":159,"end":173,"type":"custom.Span","text":"Hus & Hofstatt"}},"document_name":"admin_001_HGB_1_002_096_007.tei","event":"FeatureValueUpdatedEvent","id":800267,"user":"iprada"}
{"created":1770989132000,"details":{"tag":"type","tagSet":"Category labels"},"event":"TagCreatedEvent","id":800268,"user":"iprada"}
{"annotator":"iprada","created":1770989132000,"details":{"feature":"Category","value":"type","previousValue":"ty","annotation":{"addr":1298,"begin":159,"end":173,"type":"custom.Span","text":"Hus & Hofstatt"}},"document_name":"admin_001_HGB_1_002_096_007.tei","event":"FeatureValueUpdatedEvent","id":800269,"user":"iprada"}
{"annotator":"iprada","created":1770989143000,"details":{"addr":1305,"begin":174,"end":198,"type":"custom.Span","text":"mit dem garten derhinder"},"document_name":"admin_001_HGB_1_002_096_007.tei","event":"SpanCreatedEvent","id":800270,"user":"iprada"}
{"annotator":"iprada","created":1770989147000,"details":{"feature":"Element","value":"attr","annotation":{"addr":1305,"begin":174,"end":198,"type":"custom.Span","text":"mit dem garten derhinder"}},"document_name":"admin_001_HGB_1_002_096_007.tei","event":"FeatureValueUpdatedEvent","id":800271,"user":"iprada"}
{"created":1770989149000,"details":{"tag":"comp","tagSet":"Category labels"},"event":"TagCreatedEvent","id":800272,"user":"iprada"}
{"annotator":"iprada","created":1770989149000,"details":{"feature":"Category","value":"comp","annotation":{"addr":1305,"begin":174,"end":198,"type":"custom.Span","text":"mit dem garten derhinder"}},"document_name":"admin_001_HGB_1_002_096_007.tei","event":"FeatureValueUpdatedEvent","id":800273,"user":"iprada"}
{"annotator":"iprada","created":1770989156000,"details":{"addr":1312,"begin":178,"end":188,"type":"custom.Span","text":"dem garten"},"document_name":"admin_001_HGB_1_002_096_007.tei","event":"SpanCreatedEvent","id":800274,"user":"iprada"}
{"annotator":"iprada","created":1770989158000,"details":{"feature":"Element","value":"ref","annotation":{"addr":1312,"begin":178,"end":188,"type":"custom.Span","text":"dem garten"}},"document_name":"admin_001_HGB_1_002_096_007.tei","event":"FeatureValueUpdatedEvent","id":800275,"user":"iprada"}
{"annotator":"iprada","created":1770989160000,"details":{"feature":"Category","value":"loc_fac","annotation":{"addr":1312,"begin":178,"end":188,"type":"custom.Span","text":"dem garten"}},"document_name":"admin_001_HGB_1_002_096_007.tei","event":"FeatureValueUpdatedEvent","id":800276,"user":"iprada"}
{"annotator":"iprada","created":1770989162000,"details":{"addr":1319,"begin":182,"end":188,"type":"custom.Span","text":"garten"},"document_name":"admin_001_HGB_1_002_096_007.tei","event":"SpanCreatedEvent","id":800277,"user":"iprada"}
{"annotator":"iprada","created":1770989164000,"details":{"feature":"Element","value":"head","annotation":{"addr":1319,"begin":182,"end":188,"type":"custom.Span","text":"garten"}},"document_name":"admin_001_HGB_1_002_096_007.tei","event":"FeatureValueUpdatedEvent","id":800278,"user":"iprada"}
{"annotator":"iprada","created":1770989168000,"details":{"feature":"Category","value":"type","annotation":{"addr":1319,"begin":182,"end":188,"type":"custom.Span","text":"garten"}},"document_name":"admin_001_HGB_1_002_096_007.tei","event":"FeatureValueUpdatedEvent","id":800279,"user":"iprada"}
{"annotator":"iprada","created":1770989172000,"details":{"addr":1326,"begin":201,"end":409,"type":"custom.Span","text":"als es gelegen ist in der vorstatt ze Eschemerthor\n, ư genant zem Haffen , nebent der Brennerin hus genant zem trachen ze einer siten , u . Clewin Gottschis\nhus den man sprichet zem Widershom zer andern siten"},"document_name":"admin_001_HGB_1_002_096_007.tei","event":"SpanCreatedEvent","id":800280,"user":"iprada"}
{"annotator":"iprada","created":1770989175000,"details":{"feature":"Element","value":"attr","annotation":{"addr":1326,"begin":201,"end":409,"type":"custom.Span","text":"als es gelegen ist in der vorstatt ze Eschemerthor\n, ư genant zem Haffen , nebent der Brennerin hus genant zem trachen ze einer siten , u . Clewin Gottschis\nhus den man sprichet zem Widershom zer andern siten"}},"document_name":"admin_001_HGB_1_002_096_007.tei","event":"FeatureValueUpdatedEvent","id":800281,"user":"iprada"}
{"created":1770989178000,"details":{"tag":"topo","tagSet":"Category labels"},"event":"TagCreatedEvent","id":800282,"user":"iprada"}
{"annotator":"iprada","created":1770989178000,"details":{"feature":"Category","value":"topo","annotation":{"addr":1326,"begin":201,"end":409,"type":"custom.Span","text":"als es gelegen ist in der vorstatt ze Eschemerthor\n, ư genant zem Haffen , nebent der Brennerin hus genant zem trachen ze einer siten , u . Clewin Gottschis\nhus den man sprichet zem Widershom zer andern siten"}},"document_name":"admin_001_HGB_1_002_096_007.tei","event":"FeatureValueUpdatedEvent","id":800283,"user":"iprada"}
{"annotator":"iprada","created":1770989211000,"details":{"addr":1326,"begin":201,"end":251,"type":"custom.Span","text":"als es gelegen ist in der vorstatt ze Eschemerthor"},"document_name":"admin_001_HGB_1_002_096_007.tei","event":"SpanMovedEvent","id":800284,"user":"iprada"}
{"annotator":"iprada","created":1770989219000,"details":{"addr":1333,"begin":223,"end":251,"type":"custom.Span","text":"der vorstatt ze Eschemerthor"},"document_name":"admin_001_HGB_1_002_096_007.tei","event":"SpanCreatedEvent","id":800285,"user":"iprada"}
{"annotator":"iprada","created":1770989221000,"details":{"feature":"Element","value":"ref","annotation":{"addr":1333,"begin":223,"end":251,"type":"custom.Span","text":"der vorstatt ze Eschemerthor"}},"document_name":"admin_001_HGB_1_002_096_007.tei","event":"FeatureValueUpdatedEvent","id":800286,"user":"iprada"}
{"annotator":"iprada","created":1770989224000,"details":{"feature":"Category","value":"loc_fac","annotation":{"addr":1333,"begin":223,"end":251,"type":"custom.Span","text":"der vorstatt ze Eschemerthor"}},"document_name":"admin_001_HGB_1_002_096_007.tei","event":"FeatureValueUpdatedEvent","id":800287,"user":"iprada"}
{"annotator":"iprada","created":1770989231000,"details":{"addr":1340,"begin":227,"end":235,"type":"custom.Span","text":"vorstatt"},"document_name":"admin_001_HGB_1_002_096_007.tei","event":"SpanCreatedEvent","id":800288,"user":"iprada"}
{"annotator":"iprada","created":1770989233000,"details":{"feature":"Element","value":"head","annotation":{"addr":1340,"begin":227,"end":235,"type":"custom.Span","text":"vorstatt"}},"document_name":"admin_001_HGB_1_002_096_007.tei","event":"FeatureValueUpdatedEvent","id":800289,"user":"iprada"}
{"annotator":"iprada","created":1770989234000,"details":{"feature":"Category","value":"type","annotation":{"addr":1340,"begin":227,"end":235,"type":"custom.Span","text":"vorstatt"}},"document_name":"admin_001_HGB_1_002_096_007.tei","event":"FeatureValueUpdatedEvent","id":800290,"user":"iprada"}
{"annotator":"iprada","created":1770989246000,"details":{"addr":1347,"begin":236,"end":251,"type":"custom.Span","text":"ze Eschemerthor"},"document_name":"admin_001_HGB_1_002_096_007.tei","event":"SpanCreatedEvent","id":800291,"user":"iprada"}
{"annotator":"iprada","created":1770989248000,"details":{"feature":"Element","value":"attr","annotation":{"addr":1347,"begin":236,"end":251,"type":"custom.Span","text":"ze Eschemerthor"}},"document_name":"admin_001_HGB_1_002_096_007.tei","event":"FeatureValueUpdatedEvent","id":800292,"user":"iprada"}
{"annotator":"iprada","created":1770989250000,"details":{"feature":"Category","value":"topo","annotation":{"addr":1347,"begin":236,"end":251,"type":"custom.Span","text":"ze Eschemerthor"}},"document_name":"admin_001_HGB_1_002_096_007.tei","event":"FeatureValueUpdatedEvent","id":800293,"user":"iprada"}
{"annotator":"iprada","created":1770989253000,"details":{"addr":1354,"begin":239,"end":251,"type":"custom.Span","text":"Eschemerthor"},"document_name":"admin_001_HGB_1_002_096_007.tei","event":"SpanCreatedEvent","id":800294,"user":"iprada"}
{"annotator":"iprada","created":1770989255000,"details":{"feature":"Element","value":"head","annotation":{"addr":1354,"begin":239,"end":251,"type":"custom.Span","text":"Eschemerthor"}},"document_name":"admin_001_HGB_1_002_096_007.tei","event":"FeatureValueUpdatedEvent","id":800295,"user":"iprada"}
{"annotator":"iprada","created":1770989258000,"details":{"feature":"Category","value":"nam","annotation":{"addr":1354,"begin":239,"end":251,"type":"custom.Span","text":"Eschemerthor"}},"document_name":"admin_001_HGB_1_002_096_007.tei","event":"FeatureValueUpdatedEvent","id":800296,"user":"iprada"}
{"annotator":"iprada","created":1770989276000,"details":{"addr":1361,"begin":256,"end":273,"type":"custom.Span","text":"genant zem Haffen"},"document_name":"admin_001_HGB_1_002_096_007.tei","event":"SpanCreatedEvent","id":800297,"user":"iprada"}
{"annotator":"iprada","created":1770989279000,"details":{"feature":"Element","value":"attr","annotation":{"addr":1361,"begin":256,"end":273,"type":"custom.Span","text":"genant zem Haffen"}},"document_name":"admin_001_HGB_1_002_096_007.tei","event":"FeatureValueUpdatedEvent","id":800298,"user":"iprada"}
{"annotator":"iprada","created":1770989282000,"details":{"feature":"Category","value":"nam","annotation":{"addr":1361,"begin":256,"end":273,"type":"custom.Span","text":"genant zem Haffen"}},"document_name":"admin_001_HGB_1_002_096_007.tei","event":"FeatureValueUpdatedEvent","id":800299,"user":"iprada"}
{"annotator":"iprada","created":1770989285000,"details":{"addr":1368,"begin":263,"end":273,"type":"custom.Span","text":"zem Haffen"},"document_name":"admin_001_HGB_1_002_096_007.tei","event":"SpanCreatedEvent","id":800300,"user":"iprada"}
{"annotator":"iprada","created":1770989293000,"details":{"feature":"Element","value":"mod","annotation":{"addr":1368,"begin":263,"end":273,"type":"custom.Span","text":"zem Haffen"}},"document_name":"admin_001_HGB_1_002_096_007.tei","event":"FeatureValueUpdatedEvent","id":800301,"user":"iprada"}
{"annotator":"iprada","created":1770989298000,"details":{"feature":"Category","value":"nam","annotation":{"addr":1368,"begin":263,"end":273,"type":"custom.Span","text":"zem Haffen"}},"document_name":"admin_001_HGB_1_002_096_007.tei","event":"FeatureValueUpdatedEvent","id":800302,"user":"iprada"}
{"annotator":"iprada","created":1770989339000,"details":{"addr":1375,"begin":276,"end":409,"type":"custom.Span","text":"nebent der Brennerin hus genant zem trachen ze einer siten , u . Clewin Gottschis\nhus den man sprichet zem Widershom zer andern siten"},"document_name":"admin_001_HGB_1_002_096_007.tei","event":"SpanCreatedEvent","id":800303,"user":"iprada"}
{"annotator":"iprada","created":1770989342000,"details":{"feature":"Element","value":"attr","annotation":{"addr":1375,"begin":276,"end":409,"type":"custom.Span","text":"nebent der Brennerin hus genant zem trachen ze einer siten , u . Clewin Gottschis\nhus den man sprichet zem Widershom zer andern siten"}},"document_name":"admin_001_HGB_1_002_096_007.tei","event":"FeatureValueUpdatedEvent","id":800304,"user":"iprada"}
{"annotator":"iprada","created":1770989344000,"details":{"feature":"Category","value":"topo","annotation":{"addr":1375,"begin":276,"end":409,"type":"custom.Span","text":"nebent der Brennerin hus genant zem trachen ze einer siten , u . Clewin Gottschis\nhus den man sprichet zem Widershom zer andern siten"}},"document_name":"admin_001_HGB_1_002_096_007.tei","event":"FeatureValueUpdatedEvent","id":800305,"user":"iprada"}
{"annotator":"iprada","created":1770989350000,"details":{"addr":1382,"begin":283,"end":319,"type":"custom.Span","text":"der Brennerin hus genant zem trachen"},"document_name":"admin_001_HGB_1_002_096_007.tei","event":"SpanCreatedEvent","id":800306,"user":"iprada"}
{"annotator":"iprada","created":1770989352000,"details":{"feature":"Element","value":"ref","annotation":{"addr":1382,"begin":283,"end":319,"type":"custom.Span","text":"der Brennerin hus genant zem trachen"}},"document_name":"admin_001_HGB_1_002_096_007.tei","event":"FeatureValueUpdatedEvent","id":800307,"user":"iprada"}
{"annotator":"iprada","created":1770989354000,"details":{"feature":"Category","value":"loc_fac","annotation":{"addr":1382,"begin":283,"end":319,"type":"custom.Span","text":"der Brennerin hus genant zem trachen"}},"document_name":"admin_001_HGB_1_002_096_007.tei","event":"FeatureValueUpdatedEvent","id":800308,"user":"iprada"}
{"annotator":"iprada","created":1770989355000,"details":{"addr":1389,"begin":283,"end":296,"type":"custom.Span","text":"der Brennerin"},"document_name":"admin_001_HGB_1_002_096_007.tei","event":"SpanCreatedEvent","id":800309,"user":"iprada"}
{"annotator":"iprada","created":1770989359000,"details":{"feature":"Element","value":"attr","annotation":{"addr":1389,"begin":283,"end":296,"type":"custom.Span","text":"der Brennerin"}},"document_name":"admin_001_HGB_1_002_096_007.tei","event":"FeatureValueUpdatedEvent","id":800310,"user":"iprada"}
{"created":1770989361000,"details":{"tag":"owner","tagSet":"Category labels"},"event":"TagCreatedEvent","id":800311,"user":"iprada"}
{"annotator":"iprada","created":1770989361000,"details":{"feature":"Category","value":"owner","annotation":{"addr":1389,"begin":283,"end":296,"type":"custom.Span","text":"der Brennerin"}},"document_name":"admin_001_HGB_1_002_096_007.tei","event":"FeatureValueUpdatedEvent","id":800312,"user":"iprada"}
{"annotator":"iprada","created":1770989364000,"details":{"addr":1396,"begin":283,"end":296,"type":"custom.Span","text":"der Brennerin"},"document_name":"admin_001_HGB_1_002_096_007.tei","event":"SpanCreatedEvent","id":800313,"user":"iprada"}
{"annotator":"iprada","created":1770989365000,"details":{"feature":"Element","value":"ref","annotation":{"addr":1396,"begin":283,"end":296,"type":"custom.Span","text":"der Brennerin"}},"document_name":"admin_001_HGB_1_002_096_007.tei","event":"FeatureValueUpdatedEvent","id":800314,"user":"iprada"}
{"annotator":"iprada","created":1770989369000,"details":{"feature":"Category","value":"per","annotation":{"addr":1396,"begin":283,"end":296,"type":"custom.Span","text":"der Brennerin"}},"document_name":"admin_001_HGB_1_002_096_007.tei","event":"FeatureValueUpdatedEvent","id":800315,"user":"iprada"}
{"annotator":"iprada","created":1770989371000,"details":{"addr":1403,"begin":287,"end":296,"type":"custom.Span","text":"Brennerin"},"document_name":"admin_001_HGB_1_002_096_007.tei","event":"SpanCreatedEvent","id":800316,"user":"iprada"}
{"annotator":"iprada","created":1770989373000,"details":{"feature":"Element","value":"head","annotation":{"addr":1403,"begin":287,"end":296,"type":"custom.Span","text":"Brennerin"}},"document_name":"admin_001_HGB_1_002_096_007.tei","event":"FeatureValueUpdatedEvent","id":800317,"user":"iprada"}
{"annotator":"iprada","created":1770989374000,"details":{"feature":"Category","value":"nam","annotation":{"addr":1403,"begin":287,"end":296,"type":"custom.Span","text":"Brennerin"}},"document_name":"admin_001_HGB_1_002_096_007.tei","event":"FeatureValueUpdatedEvent","id":800318,"user":"iprada"}
{"annotator":"iprada","created":1770989377000,"details":{"addr":1410,"begin":297,"end":300,"type":"custom.Span","text":"hus"},"document_name":"admin_001_HGB_1_002_096_007.tei","event":"SpanCreatedEvent","id":800319,"user":"iprada"}
{"annotator":"iprada","created":1770989379000,"details":{"feature":"Element","value":"head","annotation":{"addr":1410,"begin":297,"end":300,"type":"custom.Span","text":"hus"}},"document_name":"admin_001_HGB_1_002_096_007.tei","event":"FeatureValueUpdatedEvent","id":800320,"user":"iprada"}
{"annotator":"iprada","created":1770989380000,"details":{"feature":"Category","value":"type","annotation":{"addr":1410,"begin":297,"end":300,"type":"custom.Span","text":"hus"}},"document_name":"admin_001_HGB_1_002_096_007.tei","event":"FeatureValueUpdatedEvent","id":800321,"user":"iprada"}
{"annotator":"iprada","created":1770989395000,"details":{"addr":1361,"begin":256,"end":273,"type":"custom.Span","text":"genant zem Haffen"},"document_name":"admin_001_HGB_1_002_096_007.tei","event":"SpanDeletedEvent","id":800322,"user":"iprada"}
{"annotator":"iprada","created":1770989398000,"details":{"addr":1368,"begin":263,"end":273,"type":"custom.Span","text":"zem Haffen"},"document_name":"admin_001_HGB_1_002_096_007.tei","event":"SpanDeletedEvent","id":800323,"user":"iprada"}
{"annotator":"iprada","created":1770989404000,"details":{"addr":1417,"begin":256,"end":273,"type":"custom.Span","text":"genant zem Haffen"},"document_name":"admin_001_HGB_1_002_096_007.tei","event":"SpanCreatedEvent","id":800324,"user":"iprada"}
{"annotator":"iprada","created":1770989409000,"details":{"feature":"Element","value":"attr","annotation":{"addr":1417,"begin":256,"end":273,"type":"custom.Span","text":"genant zem Haffen"}},"document_name":"admin_001_HGB_1_002_096_007.tei","event":"FeatureValueUpdatedEvent","id":800325,"user":"iprada"}
{"created":1770989413000,"details":{"tag":"alias","tagSet":"Category labels"},"event":"TagCreatedEvent","id":800326,"user":"iprada"}
{"annotator":"iprada","created":1770989413000,"details":{"feature":"Category","value":"alias","annotation":{"addr":1417,"begin":256,"end":273,"type":"custom.Span","text":"genant zem Haffen"}},"document_name":"admin_001_HGB_1_002_096_007.tei","event":"FeatureValueUpdatedEvent","id":800327,"user":"iprada"}
{"annotator":"iprada","created":1770989418000,"details":{"addr":1424,"begin":263,"end":273,"type":"custom.Span","text":"zem Haffen"},"document_name":"admin_001_HGB_1_002_096_007.tei","event":"SpanCreatedEvent","id":800328,"user":"iprada"}
{"annotator":"iprada","created":1770989420000,"details":{"feature":"Element","value":"mod","annotation":{"addr":1424,"begin":263,"end":273,"type":"custom.Span","text":"zem Haffen"}},"document_name":"admin_001_HGB_1_002_096_007.tei","event":"FeatureValueUpdatedEvent","id":800329,"user":"iprada"}
{"annotator":"iprada","created":1770989420000,"details":{"feature":"Category","value":"nam","annotation":{"addr":1424,"begin":263,"end":273,"type":"custom.Span","text":"zem Haffen"}},"document_name":"admin_001_HGB_1_002_096_007.tei","event":"FeatureValueUpdatedEvent","id":800330,"user":"iprada"}
{"annotator":"iprada","created":1770989426000,"details":{"addr":1431,"begin":301,"end":319,"type":"custom.Span","text":"genant zem trachen"},"document_name":"admin_001_HGB_1_002_096_007.tei","event":"SpanCreatedEvent","id":800331,"user":"iprada"}
{"annotator":"iprada","created":1770989432000,"details":{"feature":"Element","value":"attr","annotation":{"addr":1431,"begin":301,"end":319,"type":"custom.Span","text":"genant zem trachen"}},"document_name":"admin_001_HGB_1_002_096_007.tei","event":"FeatureValueUpdatedEvent","id":800332,"user":"iprada"}
{"annotator":"iprada","created":1770989435000,"details":{"feature":"Category","value":"alias","annotation":{"addr":1431,"begin":301,"end":319,"type":"custom.Span","text":"genant zem trachen"}},"document_name":"admin_001_HGB_1_002_096_007.tei","event":"FeatureValueUpdatedEvent","id":800333,"user":"iprada"}
{"annotator":"iprada","created":1770989436000,"details":{"addr":1438,"begin":308,"end":319,"type":"custom.Span","text":"zem trachen"},"document_name":"admin_001_HGB_1_002_096_007.tei","event":"SpanCreatedEvent","id":800334,"user":"iprada"}
{"annotator":"iprada","created":1770989438000,"details":{"feature":"Element","value":"mod","annotation":{"addr":1438,"begin":308,"end":319,"type":"custom.Span","text":"zem trachen"}},"document_name":"admin_001_HGB_1_002_096_007.tei","event":"FeatureValueUpdatedEvent","id":800335,"user":"iprada"}
{"annotator":"iprada","created":1770989439000,"details":{"feature":"Category","value":"nam","annotation":{"addr":1438,"begin":308,"end":319,"type":"custom.Span","text":"zem trachen"}},"document_name":"admin_001_HGB_1_002_096_007.tei","event":"FeatureValueUpdatedEvent","id":800336,"user":"iprada"}
{"annotator":"iprada","created":1770989452000,"details":{"addr":1445,"begin":341,"end":392,"type":"custom.Span","text":"Clewin Gottschis\nhus den man sprichet zem Widershom"},"document_name":"admin_001_HGB_1_002_096_007.tei","event":"SpanCreatedEvent","id":800337,"user":"iprada"}
{"annotator":"iprada","created":1770989454000,"details":{"feature":"Element","value":"ref","annotation":{"addr":1445,"begin":341,"end":392,"type":"custom.Span","text":"Clewin Gottschis\nhus den man sprichet zem Widershom"}},"document_name":"admin_001_HGB_1_002_096_007.tei","event":"FeatureValueUpdatedEvent","id":800338,"user":"iprada"}
{"annotator":"iprada","created":1770989458000,"details":{"feature":"Category","value":"loc_fac","annotation":{"addr":1445,"begin":341,"end":392,"type":"custom.Span","text":"Clewin Gottschis\nhus den man sprichet zem Widershom"}},"document_name":"admin_001_HGB_1_002_096_007.tei","event":"FeatureValueUpdatedEvent","id":800339,"user":"iprada"}
{"annotator":"iprada","created":1770989461000,"details":{"addr":1452,"begin":341,"end":357,"type":"custom.Span","text":"Clewin Gottschis"},"document_name":"admin_001_HGB_1_002_096_007.tei","event":"SpanCreatedEvent","id":800340,"user":"iprada"}
{"annotator":"iprada","created":1770989463000,"details":{"feature":"Element","value":"attr","annotation":{"addr":1452,"begin":341,"end":357,"type":"custom.Span","text":"Clewin Gottschis"}},"document_name":"admin_001_HGB_1_002_096_007.tei","event":"FeatureValueUpdatedEvent","id":800341,"user":"iprada"}
{"annotator":"iprada","created":1770989464000,"details":{"feature":"Category","value":"owner","annotation":{"addr":1452,"begin":341,"end":357,"type":"custom.Span","text":"Clewin Gottschis"}},"document_name":"admin_001_HGB_1_002_096_007.tei","event":"FeatureValueUpdatedEvent","id":800342,"user":"iprada"}
{"annotator":"iprada","created":1770989466000,"details":{"addr":1459,"begin":341,"end":357,"type":"custom.Span","text":"Clewin Gottschis"},"document_name":"admin_001_HGB_1_002_096_007.tei","event":"SpanCreatedEvent","id":800343,"user":"iprada"}
{"annotator":"iprada","created":1770989467000,"details":{"feature":"Element","value":"ref","annotation":{"addr":1459,"begin":341,"end":357,"type":"custom.Span","text":"Clewin Gottschis"}},"document_name":"admin_001_HGB_1_002_096_007.tei","event":"FeatureValueUpdatedEvent","id":800344,"user":"iprada"}
{"annotator":"iprada","created":1770989468000,"details":{"feature":"Category","value":"per","annotation":{"addr":1459,"begin":341,"end":357,"type":"custom.Span","text":"Clewin Gottschis"}},"document_name":"admin_001_HGB_1_002_096_007.tei","event":"FeatureValueUpdatedEvent","id":800345,"user":"iprada"}
{"annotator":"iprada","created":1770989470000,"details":{"addr":1466,"begin":358,"end":361,"type":"custom.Span","text":"hus"},"document_name":"admin_001_HGB_1_002_096_007.tei","event":"SpanCreatedEvent","id":800346,"user":"iprada"}
{"annotator":"iprada","created":1770989471000,"details":{"feature":"Element","value":"head","annotation":{"addr":1466,"begin":358,"end":361,"type":"custom.Span","text":"hus"}},"document_name":"admin_001_HGB_1_002_096_007.tei","event":"FeatureValueUpdatedEvent","id":800347,"user":"iprada"}
{"annotator":"iprada","created":1770989474000,"details":{"feature":"Category","value":"type","annotation":{"addr":1466,"begin":358,"end":361,"type":"custom.Span","text":"hus"}},"document_name":"admin_001_HGB_1_002_096_007.tei","event":"FeatureValueUpdatedEvent","id":800348,"user":"iprada"}
{"annotator":"iprada","created":1770989478000,"details":{"addr":1473,"begin":362,"end":392,"type":"custom.Span","text":"den man sprichet zem Widershom"},"document_name":"admin_001_HGB_1_002_096_007.tei","event":"SpanCreatedEvent","id":800349,"user":"iprada"}
{"annotator":"iprada","created":1770989480000,"details":{"feature":"Element","value":"attr","annotation":{"addr":1473,"begin":362,"end":392,"type":"custom.Span","text":"den man sprichet zem Widershom"}},"document_name":"admin_001_HGB_1_002_096_007.tei","event":"FeatureValueUpdatedEvent","id":800350,"user":"iprada"}
{"annotator":"iprada","created":1770989481000,"details":{"feature":"Category","value":"alias","annotation":{"addr":1473,"begin":362,"end":392,"type":"custom.Span","text":"den man sprichet zem Widershom"}},"document_name":"admin_001_HGB_1_002_096_007.tei","event":"FeatureValueUpdatedEvent","id":800351,"user":"iprada"}
{"annotator":"iprada","created":1770989483000,"details":{"addr":1480,"begin":379,"end":392,"type":"custom.Span","text":"zem Widershom"},"document_name":"admin_001_HGB_1_002_096_007.tei","event":"SpanCreatedEvent","id":800352,"user":"iprada"}
{"annotator":"iprada","created":1770989484000,"details":{"feature":"Element","value":"mod","annotation":{"addr":1480,"begin":379,"end":392,"type":"custom.Span","text":"zem Widershom"}},"document_name":"admin_001_HGB_1_002_096_007.tei","event":"FeatureValueUpdatedEvent","id":800353,"user":"iprada"}
{"annotator":"iprada","created":1770989485000,"details":{"feature":"Category","value":"nam","annotation":{"addr":1480,"begin":379,"end":392,"type":"custom.Span","text":"zem Widershom"}},"document_name":"admin_001_HGB_1_002_096_007.tei","event":"FeatureValueUpdatedEvent","id":800354,"user":"iprada"}
{"annotator":"iprada","created":1770989502000,"details":{"addr":1487,"begin":412,"end":460,"type":"custom.Span","text":"zinset voneig . der Thumprobstye 11 becher Bonen"},"document_name":"admin_001_HGB_1_002_096_007.tei","event":"SpanCreatedEvent","id":800355,"user":"iprada"}
{"annotator":"iprada","created":1770989508000,"details":{"feature":"Element","value":"attr","annotation":{"addr":1487,"begin":412,"end":460,"type":"custom.Span","text":"zinset voneig . der Thumprobstye 11 becher Bonen"}},"document_name":"admin_001_HGB_1_002_096_007.tei","event":"FeatureValueUpdatedEvent","id":800356,"user":"iprada"}
{"created":1770989510000,"details":{"tag":"dues","tagSet":"Category labels"},"event":"TagCreatedEvent","id":800357,"user":"iprada"}
{"annotator":"iprada","created":1770989510000,"details":{"feature":"Category","value":"dues","annotation":{"addr":1487,"begin":412,"end":460,"type":"custom.Span","text":"zinset voneig . der Thumprobstye 11 becher Bonen"}},"document_name":"admin_001_HGB_1_002_096_007.tei","event":"FeatureValueUpdatedEvent","id":800358,"user":"iprada"}
{"annotator":"iprada","created":1770989512000,"details":{"addr":1494,"begin":412,"end":418,"type":"custom.Span","text":"zinset"},"document_name":"admin_001_HGB_1_002_096_007.tei","event":"SpanCreatedEvent","id":800359,"user":"iprada"}
{"annotator":"iprada","created":1770989514000,"details":{"feature":"Element","value":"trigger","annotation":{"addr":1494,"begin":412,"end":418,"type":"custom.Span","text":"zinset"}},"document_name":"admin_001_HGB_1_002_096_007.tei","event":"FeatureValueUpdatedEvent","id":800360,"user":"iprada"}
{"annotator":"iprada","created":1770989517000,"details":{"addr":1501,"begin":419,"end":427,"type":"custom.Span","text":"voneig ."},"document_name":"admin_001_HGB_1_002_096_007.tei","event":"SpanCreatedEvent","id":800361,"user":"iprada"}
{"annotator":"iprada","created":1770989518000,"details":{"feature":"Element","value":"mod","annotation":{"addr":1501,"begin":419,"end":427,"type":"custom.Span","text":"voneig ."}},"document_name":"admin_001_HGB_1_002_096_007.tei","event":"FeatureValueUpdatedEvent","id":800362,"user":"iprada"}
{"created":1770989521000,"details":{"tag":"cause","tagSet":"Category labels"},"event":"TagCreatedEvent","id":800363,"user":"iprada"}
{"annotator":"iprada","created":1770989521000,"details":{"feature":"Category","value":"cause","annotation":{"addr":1501,"begin":419,"end":427,"type":"custom.Span","text":"voneig ."}},"document_name":"admin_001_HGB_1_002_096_007.tei","event":"FeatureValueUpdatedEvent","id":800364,"user":"iprada"}
{"annotator":"iprada","created":1770989523000,"details":{"addr":1508,"begin":428,"end":444,"type":"custom.Span","text":"der Thumprobstye"},"document_name":"admin_001_HGB_1_002_096_007.tei","event":"SpanCreatedEvent","id":800365,"user":"iprada"}
{"annotator":"iprada","created":1770989525000,"details":{"feature":"Element","value":"ref","annotation":{"addr":1508,"begin":428,"end":444,"type":"custom.Span","text":"der Thumprobstye"}},"document_name":"admin_001_HGB_1_002_096_007.tei","event":"FeatureValueUpdatedEvent","id":800366,"user":"iprada"}
{"created":1770989526000,"details":{"tag":"org","tagSet":"Category labels"},"event":"TagCreatedEvent","id":800367,"user":"iprada"}
{"annotator":"iprada","created":1770989526000,"details":{"feature":"Category","value":"org","annotation":{"addr":1508,"begin":428,"end":444,"type":"custom.Span","text":"der Thumprobstye"}},"document_name":"admin_001_HGB_1_002_096_007.tei","event":"FeatureValueUpdatedEvent","id":800368,"user":"iprada"}
{"annotator":"iprada","created":1770989528000,"details":{"addr":1515,"begin":432,"end":444,"type":"custom.Span","text":"Thumprobstye"},"document_name":"admin_001_HGB_1_002_096_007.tei","event":"SpanCreatedEvent","id":800369,"user":"iprada"}
{"annotator":"iprada","created":1770989529000,"details":{"feature":"Element","value":"head","annotation":{"addr":1515,"begin":432,"end":444,"type":"custom.Span","text":"Thumprobstye"}},"document_name":"admin_001_HGB_1_002_096_007.tei","event":"FeatureValueUpdatedEvent","id":800370,"user":"iprada"}
{"annotator":"iprada","created":1770989533000,"details":{"feature":"Category","value":"type","annotation":{"addr":1515,"begin":432,"end":444,"type":"custom.Span","text":"Thumprobstye"}},"document_name":"admin_001_HGB_1_002_096_007.tei","event":"FeatureValueUpdatedEvent","id":800371,"user":"iprada"}
{"annotator":"iprada","created":1770989548000,"details":{"addr":1522,"begin":445,"end":460,"type":"custom.Span","text":"11 becher Bonen"},"document_name":"admin_001_HGB_1_002_096_007.tei","event":"SpanCreatedEvent","id":800372,"user":"iprada"}
{"annotator":"iprada","created":1770989551000,"details":{"feature":"Element","value":"val","annotation":{"addr":1522,"begin":445,"end":460,"type":"custom.Span","text":"11 becher Bonen"}},"document_name":"admin_001_HGB_1_002_096_007.tei","event":"FeatureValueUpdatedEvent","id":800373,"user":"iprada"}
{"annotator":"iprada","created":1770989552000,"details":{"feature":"Category","value":"money","annotation":{"addr":1522,"begin":445,"end":460,"type":"custom.Span","text":"11 becher Bonen"}},"document_name":"admin_001_HGB_1_002_096_007.tei","event":"FeatureValueUpdatedEvent","id":800374,"user":"iprada"}
{"annotator":"iprada","created":1770989692000,"document_name":"admin_001_HGB_1_002_096_007.tei","event":"DocumentOpenedEvent","id":800375,"user":"iprada"}
{"annotator":"iprada","created":1770989698000,"document_name":"admin_001_HGB_1_002_096_007.tei","event":"DocumentOpenedEvent","id":800376,"user":"iprada"}
{"annotator":"iprada","created":1770989703000,"document_name":"admin_001_HGB_1_002_096_007.tei","event":"DocumentOpenedEvent","id":800377,"user":"iprada"}